<?xml version="1.0" encoding="UTF-8"?>
<!-- Generated by org.testng.reporters.JUnitReportReporter -->
<testsuite hostname="localhost.localdomain" failures="0" tests="1" name="matexScraping.MatexScraping.Capgemini_2" time="322.992" errors="0" timestamp="2023-12-08T17:16:59 IST" skipped="0">
  <testcase classname="matexScraping.MatexScraping.Capgemini_2" name="Excel_Read" time="322.992"/>
</testsuite> <!-- matexScraping.MatexScraping.Capgemini_2 -->
