<?xml version="1.0" encoding="UTF-8"?>
<!-- Generated by org.testng.reporters.JUnitReportReporter -->
<testsuite hostname="localhost.localdomain" failures="0" tests="1" name="matexScraping.MatexScraping.Niva_bupa0" time="122.459" errors="0" timestamp="2023-12-06T10:57:27 IST" skipped="0">
  <testcase classname="matexScraping.MatexScraping.Niva_bupa0" name="Excel_Read" time="122.459"/>
</testsuite> <!-- matexScraping.MatexScraping.Niva_bupa0 -->
