<?xml version="1.0" encoding="UTF-8"?>
<!-- Generated by org.testng.reporters.JUnitReportReporter -->
<testsuite hostname="localhost.localdomain" failures="0" tests="1" name="matexScraping.MatexScraping.MCA_ID_check" time="0.018" errors="0" timestamp="2023-12-19T15:31:59 IST" skipped="0">
  <testcase classname="matexScraping.MatexScraping.MCA_ID_check" name="Excel_Read" time="0.018"/>
</testsuite> <!-- matexScraping.MatexScraping.MCA_ID_check -->
