<?xml version="1.0" encoding="UTF-8"?>
<!-- Generated by org.testng.reporters.JUnitReportReporter -->
<testsuite hostname="localhost.localdomain" failures="0" tests="1" name="matexScraping.MatexScraping.RBL_Bank2" time="1.340" errors="0" timestamp="2023-12-12T10:09:27 IST" skipped="0">
  <testcase classname="matexScraping.MatexScraping.RBL_Bank2" name="RBLbank_Excel_Read" time="1.340"/>
</testsuite> <!-- matexScraping.MatexScraping.RBL_Bank2 -->
